SF:lib/utils/media_query_utils.dart
DA:1,2
DA:2,2
DA:4,1
LF:3
LH:3
end_of_record
SF:lib/cubit/movies_cubit.dart
DA:14,3
DA:18,1
DA:19,2
DA:22,3
DA:24,1
DA:25,2
DA:27,2
DA:29,1
DA:30,3
DA:31,1
DA:32,2
LF:11
LH:11
end_of_record
SF:lib/exception/fetch_movie_exception.dart
DA:2,1
LF:1
LH:1
end_of_record
SF:lib/pages/movies/components/movie_card.dart
DA:5,1
DA:9,1
DA:14,1
DA:15,1
DA:22,1
DA:24,2
DA:26,1
DA:28,5
DA:29,7
DA:30,1
DA:31,2
DA:34,1
DA:37,1
DA:39,2
DA:40,1
DA:43,1
DA:45,1
DA:46,2
DA:47,1
DA:48,1
DA:49,1
DA:51,1
DA:52,1
DA:54,1
DA:55,1
DA:56,1
DA:57,1
DA:58,1
DA:59,1
DA:61,1
DA:62,3
DA:67,1
DA:69,1
DA:70,7
DA:71,1
LF:35
LH:35
end_of_record
SF:lib/pages/movies/components/movies_grid.dart
DA:7,2
DA:11,1
DA:13,3
DA:14,1
DA:16,1
DA:17,1
DA:18,1
DA:22,2
DA:24,2
DA:26,2
LF:10
LH:10
end_of_record
SF:lib/pages/movies/components/term_input_field.dart
DA:6,2
DA:8,1
DA:9,1
DA:15,1
DA:17,2
DA:18,1
DA:21,1
DA:23,1
DA:25,1
DA:26,1
DA:27,1
DA:28,1
DA:30,1
DA:31,1
DA:32,1
DA:33,2
DA:34,1
DA:35,1
DA:38,1
DA:39,1
DA:43,1
DA:44,2
DA:45,1
DA:46,2
LF:24
LH:24
end_of_record
SF:lib/pages/movies/movies_widget.dart
DA:9,1
DA:11,1
DA:13,1
DA:15,1
DA:16,1
DA:17,1
DA:18,1
DA:19,1
DA:20,1
DA:21,1
DA:22,1
DA:23,1
DA:24,1
DA:26,1
DA:27,1
DA:28,2
DA:30,1
DA:31,1
DA:32,1
DA:33,1
DA:34,1
DA:35,1
DA:37,1
LF:23
LH:23
end_of_record